<?xml version="1.0" encoding="UTF-8"?>
<robot generator="Robot 6.1.1 (Python 3.12.1 on win32)" generated="20231222 09:15:04.677" rpa="false" schemaversion="4">
<suite id="s1" name="Examples" source="C:\Users\gaudi\Travail\Gherkin\BeginnersGuide-release-learn-it-b3\Examples">
<suite id="s1-s1" name="User management" source="C:\Users\gaudi\Travail\Gherkin\BeginnersGuide-release-learn-it-b3\Examples\User_management.robot">
<test id="s1-s1-t1" name="User Management Robot Test" line="18">
<kw name="Given the visitor is on &quot;https://opensource-demo.orangehrmlive.com/web/index.php/auth/login&quot;" library="selenium_keywords_orangehrm" sourcename="the visitor is on &quot;${url}&quot;">
<kw name="Open Browser" library="SeleniumLibrary">
<arg>${url}</arg>
<arg>chrome</arg>
<doc>Opens a new browser instance to the optional ``url``.</doc>
<msg timestamp="20231222 09:15:05.929" level="INFO">Opening browser 'chrome' to base url 'https://opensource-demo.orangehrmlive.com/web/index.php/auth/login'.</msg>
<status status="PASS" starttime="20231222 09:15:05.928" endtime="20231222 09:15:08.730"/>
</kw>
<kw name="Sleep" library="BuiltIn">
<arg>2s</arg>
<doc>Pauses the test executed for the given time.</doc>
<msg timestamp="20231222 09:15:10.731" level="INFO">Slept 2 seconds</msg>
<status status="PASS" starttime="20231222 09:15:08.730" endtime="20231222 09:15:10.731"/>
</kw>
<status status="PASS" starttime="20231222 09:15:05.928" endtime="20231222 09:15:10.731"/>
</kw>
<kw name="When the visitor fill the login form" library="selenium_keywords_orangehrm">
<kw name="Input Text" library="SeleniumLibrary">
<arg>username</arg>
<arg>${login}</arg>
<doc>Types the given ``text`` into the text field identified by ``locator``.</doc>
<msg timestamp="20231222 09:15:10.735" level="INFO">Typing text 'Admin' into text field 'username'.</msg>
<status status="PASS" starttime="20231222 09:15:10.734" endtime="20231222 09:15:10.893"/>
</kw>
<kw name="Input Text" library="SeleniumLibrary">
<arg>password</arg>
<arg>${password}</arg>
<doc>Types the given ``text`` into the text field identified by ``locator``.</doc>
<msg timestamp="20231222 09:15:10.893" level="INFO">Typing text 'admin123' into text field 'password'.</msg>
<status status="PASS" starttime="20231222 09:15:10.893" endtime="20231222 09:15:11.091"/>
</kw>
<kw name="Sleep" library="BuiltIn">
<arg>1s</arg>
<doc>Pauses the test executed for the given time.</doc>
<msg timestamp="20231222 09:15:12.091" level="INFO">Slept 1 second</msg>
<status status="PASS" starttime="20231222 09:15:11.091" endtime="20231222 09:15:12.091"/>
</kw>
<status status="PASS" starttime="20231222 09:15:10.733" endtime="20231222 09:15:12.091"/>
</kw>
<kw name="And the visitor submit the login form" library="selenium_keywords_orangehrm">
<kw name="Click Button" library="SeleniumLibrary">
<arg>//button[@class="oxd-button oxd-button--medium oxd-button--main orangehrm-login-button"]</arg>
<doc>Clicks the button identified by ``locator``.</doc>
<msg timestamp="20231222 09:15:12.095" level="INFO">Clicking button '//button[@class="oxd-button oxd-button--medium oxd-button--main orangehrm-login-button"]'.</msg>
<status status="PASS" starttime="20231222 09:15:12.094" endtime="20231222 09:15:12.240"/>
</kw>
<kw name="Sleep" library="BuiltIn">
<arg>3s</arg>
<doc>Pauses the test executed for the given time.</doc>
<msg timestamp="20231222 09:15:15.241" level="INFO">Slept 3 seconds</msg>
<status status="PASS" starttime="20231222 09:15:12.240" endtime="20231222 09:15:15.241"/>
</kw>
<status status="PASS" starttime="20231222 09:15:12.093" endtime="20231222 09:15:15.241"/>
</kw>
<kw name="Then the visitor is connected" library="selenium_keywords_orangehrm">
<kw name="Location Should Be" library="SeleniumLibrary">
<arg>${url2}</arg>
<doc>Verifies that the current URL is exactly ``url``.</doc>
<msg timestamp="20231222 09:15:15.261" level="INFO">Current location is 'https://opensource-demo.orangehrmlive.com/web/index.php/dashboard/index'.</msg>
<status status="PASS" starttime="20231222 09:15:15.244" endtime="20231222 09:15:15.261"/>
</kw>
<status status="PASS" starttime="20231222 09:15:15.243" endtime="20231222 09:15:15.261"/>
</kw>
<kw name="Given the visitor is connected" library="selenium_keywords_orangehrm">
<kw name="Location Should Be" library="SeleniumLibrary">
<arg>${url2}</arg>
<doc>Verifies that the current URL is exactly ``url``.</doc>
<msg timestamp="20231222 09:15:15.274" level="INFO">Current location is 'https://opensource-demo.orangehrmlive.com/web/index.php/dashboard/index'.</msg>
<status status="PASS" starttime="20231222 09:15:15.263" endtime="20231222 09:15:15.275"/>
</kw>
<status status="PASS" starttime="20231222 09:15:15.263" endtime="20231222 09:15:15.275"/>
</kw>
<kw name="When the visitor click on the page &quot;/web/index.php/admin/viewAdminModule&quot;" library="selenium_keywords_orangehrm" sourcename="the visitor click on the page &quot;${link}&quot;">
<kw name="Click Link" library="SeleniumLibrary">
<arg>${link}</arg>
<doc>Clicks a link identified by ``locator``.</doc>
<msg timestamp="20231222 09:15:15.276" level="INFO">Clicking link '/web/index.php/admin/viewAdminModule'.</msg>
<status status="PASS" starttime="20231222 09:15:15.276" endtime="20231222 09:15:15.990"/>
</kw>
<kw name="Sleep" library="BuiltIn">
<arg>4s</arg>
<doc>Pauses the test executed for the given time.</doc>
<msg timestamp="20231222 09:15:19.992" level="INFO">Slept 4 seconds</msg>
<status status="PASS" starttime="20231222 09:15:15.990" endtime="20231222 09:15:19.992"/>
</kw>
<status status="PASS" starttime="20231222 09:15:15.275" endtime="20231222 09:15:19.992"/>
</kw>
<kw name="Then the visitor is on the page &quot;/web/index.php/admin/viewAdminModule&quot;" library="selenium_keywords_orangehrm" sourcename="the visitor is on the page &quot;${link}&quot;">
<kw name="Location Should Be" library="SeleniumLibrary">
<arg>https://opensource-demo.orangehrmlive.com/web/index.php/admin/viewSystemUsers</arg>
<doc>Verifies that the current URL is exactly ``url``.</doc>
<msg timestamp="20231222 09:15:20.001" level="INFO">Current location is 'https://opensource-demo.orangehrmlive.com/web/index.php/admin/viewSystemUsers'.</msg>
<status status="PASS" starttime="20231222 09:15:19.993" endtime="20231222 09:15:20.001"/>
</kw>
<status status="PASS" starttime="20231222 09:15:19.993" endtime="20231222 09:15:20.002"/>
</kw>
<kw name="Given the visitor is on the page &quot;/web/index.php/admin/viewAdminModule&quot;" library="selenium_keywords_orangehrm" sourcename="the visitor is on the page &quot;${link}&quot;">
<kw name="Location Should Be" library="SeleniumLibrary">
<arg>https://opensource-demo.orangehrmlive.com/web/index.php/admin/viewSystemUsers</arg>
<doc>Verifies that the current URL is exactly ``url``.</doc>
<msg timestamp="20231222 09:15:20.010" level="INFO">Current location is 'https://opensource-demo.orangehrmlive.com/web/index.php/admin/viewSystemUsers'.</msg>
<status status="PASS" starttime="20231222 09:15:20.003" endtime="20231222 09:15:20.010"/>
</kw>
<status status="PASS" starttime="20231222 09:15:20.002" endtime="20231222 09:15:20.010"/>
</kw>
<kw name="When the visitor click on the add button" library="selenium_keywords_orangehrm">
<kw name="Click Button" library="SeleniumLibrary">
<arg>//*[@id="app"]/div[1]/div[2]/div[2]/div/div[2]/div[1]/button</arg>
<doc>Clicks the button identified by ``locator``.</doc>
<msg timestamp="20231222 09:15:20.011" level="INFO">Clicking button '//*[@id="app"]/div[1]/div[2]/div[2]/div/div[2]/div[1]/button'.</msg>
<status status="PASS" starttime="20231222 09:15:20.011" endtime="20231222 09:15:20.614"/>
</kw>
<kw name="Sleep" library="BuiltIn">
<arg>4s</arg>
<doc>Pauses the test executed for the given time.</doc>
<msg timestamp="20231222 09:15:24.615" level="INFO">Slept 4 seconds</msg>
<status status="PASS" starttime="20231222 09:15:20.614" endtime="20231222 09:15:24.615"/>
</kw>
<status status="PASS" starttime="20231222 09:15:20.010" endtime="20231222 09:15:24.615"/>
</kw>
<kw name="AND the visitor fill the add form" library="selenium_keywords_orangehrm">
<kw name="Click Element" library="SeleniumLibrary">
<arg>//*[@id="app"]/div[1]/div[2]/div[2]/div/div/form/div[1]/div/div[1]/div/div[2]/div/div</arg>
<doc>Click the element identified by ``locator``.</doc>
<msg timestamp="20231222 09:15:24.619" level="INFO">Clicking element '//*[@id="app"]/div[1]/div[2]/div[2]/div/div/form/div[1]/div/div[1]/div/div[2]/div/div'.</msg>
<status status="PASS" starttime="20231222 09:15:24.618" endtime="20231222 09:15:24.708"/>
</kw>
<kw name="Press Keys" library="SeleniumLibrary">
<arg>none</arg>
<arg>ARROW_DOWN</arg>
<doc>Simulates the user pressing key(s) to an element or on the active browser.</doc>
<msg timestamp="20231222 09:15:24.709" level="INFO">Sending key(s) ('ARROW_DOWN',) to page.</msg>
<msg timestamp="20231222 09:15:24.709" level="INFO">Pressing special key ARROW_DOWN to browser.</msg>
<msg timestamp="20231222 09:15:24.709" level="INFO">Releasing special key ARROW_DOWN.</msg>
<status status="PASS" starttime="20231222 09:15:24.708" endtime="20231222 09:15:24.724"/>
</kw>
<kw name="Sleep" library="BuiltIn">
<arg>1s</arg>
<doc>Pauses the test executed for the given time.</doc>
<msg timestamp="20231222 09:15:25.724" level="INFO">Slept 1 second</msg>
<status status="PASS" starttime="20231222 09:15:24.724" endtime="20231222 09:15:25.724"/>
</kw>
<kw name="Press Keys" library="SeleniumLibrary">
<arg>none</arg>
<arg>ARROW_DOWN</arg>
<doc>Simulates the user pressing key(s) to an element or on the active browser.</doc>
<msg timestamp="20231222 09:15:25.726" level="INFO">Sending key(s) ('ARROW_DOWN',) to page.</msg>
<msg timestamp="20231222 09:15:25.726" level="INFO">Pressing special key ARROW_DOWN to browser.</msg>
<msg timestamp="20231222 09:15:25.726" level="INFO">Releasing special key ARROW_DOWN.</msg>
<status status="PASS" starttime="20231222 09:15:25.724" endtime="20231222 09:15:25.749"/>
</kw>
<kw name="Sleep" library="BuiltIn">
<arg>1s</arg>
<doc>Pauses the test executed for the given time.</doc>
<msg timestamp="20231222 09:15:26.750" level="INFO">Slept 1 second</msg>
<status status="PASS" starttime="20231222 09:15:25.749" endtime="20231222 09:15:26.750"/>
</kw>
<kw name="Press Keys" library="SeleniumLibrary">
<arg>none</arg>
<arg>RETURN</arg>
<doc>Simulates the user pressing key(s) to an element or on the active browser.</doc>
<msg timestamp="20231222 09:15:26.752" level="INFO">Sending key(s) ('RETURN',) to page.</msg>
<msg timestamp="20231222 09:15:26.752" level="INFO">Pressing special key RETURN to browser.</msg>
<msg timestamp="20231222 09:15:26.752" level="INFO">Releasing special key RETURN.</msg>
<status status="PASS" starttime="20231222 09:15:26.750" endtime="20231222 09:15:26.780"/>
</kw>
<kw name="Sleep" library="BuiltIn">
<arg>1s</arg>
<doc>Pauses the test executed for the given time.</doc>
<msg timestamp="20231222 09:15:27.780" level="INFO">Slept 1 second</msg>
<status status="PASS" starttime="20231222 09:15:26.780" endtime="20231222 09:15:27.780"/>
</kw>
<kw name="Input Text" library="SeleniumLibrary">
<arg>//*[@id="app"]/div[1]/div[2]/div[2]/div/div/form/div[1]/div/div[2]/div/div[2]/div/div/input</arg>
<arg>a</arg>
<doc>Types the given ``text`` into the text field identified by ``locator``.</doc>
<msg timestamp="20231222 09:15:27.781" level="INFO">Typing text 'a' into text field '//*[@id="app"]/div[1]/div[2]/div[2]/div/div/form/div[1]/div/div[2]/div/div[2]/div/div/input'.</msg>
<status status="PASS" starttime="20231222 09:15:27.780" endtime="20231222 09:15:27.973"/>
</kw>
<kw name="Sleep" library="BuiltIn">
<arg>3s</arg>
<doc>Pauses the test executed for the given time.</doc>
<msg timestamp="20231222 09:15:30.974" level="INFO">Slept 3 seconds</msg>
<status status="PASS" starttime="20231222 09:15:27.973" endtime="20231222 09:15:30.974"/>
</kw>
<kw name="Press Keys" library="SeleniumLibrary">
<arg>none</arg>
<arg>ARROW_DOWN</arg>
<doc>Simulates the user pressing key(s) to an element or on the active browser.</doc>
<msg timestamp="20231222 09:15:30.976" level="INFO">Sending key(s) ('ARROW_DOWN',) to page.</msg>
<msg timestamp="20231222 09:15:30.976" level="INFO">Pressing special key ARROW_DOWN to browser.</msg>
<msg timestamp="20231222 09:15:30.976" level="INFO">Releasing special key ARROW_DOWN.</msg>
<status status="PASS" starttime="20231222 09:15:30.974" endtime="20231222 09:15:30.999"/>
</kw>
<kw name="Sleep" library="BuiltIn">
<arg>3s</arg>
<doc>Pauses the test executed for the given time.</doc>
<msg timestamp="20231222 09:15:34.000" level="INFO">Slept 3 seconds</msg>
<status status="PASS" starttime="20231222 09:15:30.999" endtime="20231222 09:15:34.000"/>
</kw>
<kw name="Press Keys" library="SeleniumLibrary">
<arg>none</arg>
<arg>RETURN</arg>
<doc>Simulates the user pressing key(s) to an element or on the active browser.</doc>
<msg timestamp="20231222 09:15:34.002" level="INFO">Sending key(s) ('RETURN',) to page.</msg>
<msg timestamp="20231222 09:15:34.002" level="INFO">Pressing special key RETURN to browser.</msg>
<msg timestamp="20231222 09:15:34.002" level="INFO">Releasing special key RETURN.</msg>
<status status="PASS" starttime="20231222 09:15:34.001" endtime="20231222 09:15:34.026"/>
</kw>
<kw name="Sleep" library="BuiltIn">
<arg>3s</arg>
<doc>Pauses the test executed for the given time.</doc>
<msg timestamp="20231222 09:15:37.027" level="INFO">Slept 3 seconds</msg>
<status status="PASS" starttime="20231222 09:15:34.026" endtime="20231222 09:15:37.027"/>
</kw>
<kw name="Click Element" library="SeleniumLibrary">
<arg>//*[@id="app"]/div[1]/div[2]/div[2]/div/div/form/div[1]/div/div[3]/div/div[2]/div/div</arg>
<doc>Click the element identified by ``locator``.</doc>
<msg timestamp="20231222 09:15:37.028" level="INFO">Clicking element '//*[@id="app"]/div[1]/div[2]/div[2]/div/div/form/div[1]/div/div[3]/div/div[2]/div/div'.</msg>
<status status="PASS" starttime="20231222 09:15:37.027" endtime="20231222 09:15:37.138"/>
</kw>
<kw name="Sleep" library="BuiltIn">
<arg>1s</arg>
<doc>Pauses the test executed for the given time.</doc>
<msg timestamp="20231222 09:15:38.138" level="INFO">Slept 1 second</msg>
<status status="PASS" starttime="20231222 09:15:37.138" endtime="20231222 09:15:38.138"/>
</kw>
<kw name="Press Keys" library="SeleniumLibrary">
<arg>none</arg>
<arg>ARROW_DOWN</arg>
<doc>Simulates the user pressing key(s) to an element or on the active browser.</doc>
<msg timestamp="20231222 09:15:38.140" level="INFO">Sending key(s) ('ARROW_DOWN',) to page.</msg>
<msg timestamp="20231222 09:15:38.140" level="INFO">Pressing special key ARROW_DOWN to browser.</msg>
<msg timestamp="20231222 09:15:38.140" level="INFO">Releasing special key ARROW_DOWN.</msg>
<status status="PASS" starttime="20231222 09:15:38.138" endtime="20231222 09:15:38.163"/>
</kw>
<kw name="Sleep" library="BuiltIn">
<arg>1s</arg>
<doc>Pauses the test executed for the given time.</doc>
<msg timestamp="20231222 09:15:39.164" level="INFO">Slept 1 second</msg>
<status status="PASS" starttime="20231222 09:15:38.163" endtime="20231222 09:15:39.164"/>
</kw>
<kw name="Press Keys" library="SeleniumLibrary">
<arg>none</arg>
<arg>RETURN</arg>
<doc>Simulates the user pressing key(s) to an element or on the active browser.</doc>
<msg timestamp="20231222 09:15:39.166" level="INFO">Sending key(s) ('RETURN',) to page.</msg>
<msg timestamp="20231222 09:15:39.166" level="INFO">Pressing special key RETURN to browser.</msg>
<msg timestamp="20231222 09:15:39.166" level="INFO">Releasing special key RETURN.</msg>
<status status="PASS" starttime="20231222 09:15:39.164" endtime="20231222 09:15:39.191"/>
</kw>
<kw name="Sleep" library="BuiltIn">
<arg>3s</arg>
<doc>Pauses the test executed for the given time.</doc>
<msg timestamp="20231222 09:15:42.192" level="INFO">Slept 3 seconds</msg>
<status status="PASS" starttime="20231222 09:15:39.191" endtime="20231222 09:15:42.192"/>
</kw>
<kw name="Input Text" library="SeleniumLibrary">
<arg>//*[@id="app"]/div[1]/div[2]/div[2]/div/div/form/div[1]/div/div[4]/div/div[2]/input</arg>
<arg>${username}</arg>
<doc>Types the given ``text`` into the text field identified by ``locator``.</doc>
<msg timestamp="20231222 09:15:42.194" level="INFO">Typing text 'RobotFramework' into text field '//*[@id="app"]/div[1]/div[2]/div[2]/div/div/form/div[1]/div/div[4]/div/div[2]/input'.</msg>
<status status="PASS" starttime="20231222 09:15:42.192" endtime="20231222 09:15:42.410"/>
</kw>
<kw name="Sleep" library="BuiltIn">
<arg>1s</arg>
<doc>Pauses the test executed for the given time.</doc>
<msg timestamp="20231222 09:15:43.411" level="INFO">Slept 1 second</msg>
<status status="PASS" starttime="20231222 09:15:42.410" endtime="20231222 09:15:43.411"/>
</kw>
<kw name="Input Text" library="SeleniumLibrary">
<arg>//*[@id="app"]/div[1]/div[2]/div[2]/div/div/form/div[2]/div/div[1]/div/div[2]/input</arg>
<arg>${password}</arg>
<doc>Types the given ``text`` into the text field identified by ``locator``.</doc>
<msg timestamp="20231222 09:15:43.412" level="INFO">Typing text 'admin123' into text field '//*[@id="app"]/div[1]/div[2]/div[2]/div/div/form/div[2]/div/div[1]/div/div[2]/input'.</msg>
<status status="PASS" starttime="20231222 09:15:43.411" endtime="20231222 09:15:43.609"/>
</kw>
<kw name="Sleep" library="BuiltIn">
<arg>1s</arg>
<doc>Pauses the test executed for the given time.</doc>
<msg timestamp="20231222 09:15:44.610" level="INFO">Slept 1 second</msg>
<status status="PASS" starttime="20231222 09:15:43.609" endtime="20231222 09:15:44.610"/>
</kw>
<kw name="Input Text" library="SeleniumLibrary">
<arg>//*[@id="app"]/div[1]/div[2]/div[2]/div/div/form/div[2]/div/div[2]/div/div[2]/input</arg>
<arg>${password}</arg>
<doc>Types the given ``text`` into the text field identified by ``locator``.</doc>
<msg timestamp="20231222 09:15:44.611" level="INFO">Typing text 'admin123' into text field '//*[@id="app"]/div[1]/div[2]/div[2]/div/div/form/div[2]/div/div[2]/div/div[2]/input'.</msg>
<status status="PASS" starttime="20231222 09:15:44.610" endtime="20231222 09:15:44.798"/>
</kw>
<kw name="Sleep" library="BuiltIn">
<arg>1s</arg>
<doc>Pauses the test executed for the given time.</doc>
<msg timestamp="20231222 09:15:45.800" level="INFO">Slept 1 second</msg>
<status status="PASS" starttime="20231222 09:15:44.798" endtime="20231222 09:15:45.800"/>
</kw>
<status status="PASS" starttime="20231222 09:15:24.618" endtime="20231222 09:15:45.800"/>
</kw>
<kw name="AND the visitor submit the add form" library="selenium_keywords_orangehrm">
<kw name="Click Button" library="SeleniumLibrary">
<arg>//*[@id="app"]/div[1]/div[2]/div[2]/div/div/form/div[3]/button[2]</arg>
<doc>Clicks the button identified by ``locator``.</doc>
<msg timestamp="20231222 09:15:45.804" level="INFO">Clicking button '//*[@id="app"]/div[1]/div[2]/div[2]/div/div/form/div[3]/button[2]'.</msg>
<status status="PASS" starttime="20231222 09:15:45.803" endtime="20231222 09:15:45.949"/>
</kw>
<kw name="Sleep" library="BuiltIn">
<arg>5s</arg>
<doc>Pauses the test executed for the given time.</doc>
<msg timestamp="20231222 09:15:50.949" level="INFO">Slept 5 seconds</msg>
<status status="PASS" starttime="20231222 09:15:45.949" endtime="20231222 09:15:50.949"/>
</kw>
<status status="PASS" starttime="20231222 09:15:45.802" endtime="20231222 09:15:50.949"/>
</kw>
<kw name="Then the visitor added a user" library="selenium_keywords_orangehrm">
<kw name="Location Should Be" library="SeleniumLibrary">
<arg>https://opensource-demo.orangehrmlive.com/web/index.php/admin/viewSystemUsers</arg>
<doc>Verifies that the current URL is exactly ``url``.</doc>
<msg timestamp="20231222 09:15:50.967" level="INFO">Current location is 'https://opensource-demo.orangehrmlive.com/web/index.php/admin/viewSystemUsers'.</msg>
<status status="PASS" starttime="20231222 09:15:50.951" endtime="20231222 09:15:50.967"/>
</kw>
<status status="PASS" starttime="20231222 09:15:50.951" endtime="20231222 09:15:50.968"/>
</kw>
<kw name="Given the visitor is on the user search page" library="selenium_keywords_orangehrm">
<kw name="Click Link" library="SeleniumLibrary">
<arg>${link}</arg>
<doc>Clicks a link identified by ``locator``.</doc>
<msg timestamp="20231222 09:15:50.970" level="INFO">Clicking link '/web/index.php/admin/viewAdminModule'.</msg>
<status status="PASS" starttime="20231222 09:15:50.969" endtime="20231222 09:15:51.556"/>
</kw>
<kw name="Sleep" library="BuiltIn">
<arg>2s</arg>
<doc>Pauses the test executed for the given time.</doc>
<msg timestamp="20231222 09:15:53.557" level="INFO">Slept 2 seconds</msg>
<status status="PASS" starttime="20231222 09:15:51.556" endtime="20231222 09:15:53.557"/>
</kw>
<status status="PASS" starttime="20231222 09:15:50.969" endtime="20231222 09:15:53.557"/>
</kw>
<kw name="When the visitor looks for the user previously created" library="selenium_keywords_orangehrm">
<kw name="Input Text" library="SeleniumLibrary">
<arg>//*[@id="app"]/div[1]/div[2]/div[2]/div/div[1]/div[2]/form/div[1]/div/div[1]/div/div[2]/input</arg>
<arg>${username}</arg>
<doc>Types the given ``text`` into the text field identified by ``locator``.</doc>
<msg timestamp="20231222 09:15:53.561" level="INFO">Typing text 'RobotFramework' into text field '//*[@id="app"]/div[1]/div[2]/div[2]/div/div[1]/div[2]/form/div[1]/div/div[1]/div/div[2]/input'.</msg>
<status status="PASS" starttime="20231222 09:15:53.560" endtime="20231222 09:15:53.759"/>
</kw>
<kw name="Sleep" library="BuiltIn">
<arg>1s</arg>
<doc>Pauses the test executed for the given time.</doc>
<msg timestamp="20231222 09:15:54.759" level="INFO">Slept 1 second</msg>
<status status="PASS" starttime="20231222 09:15:53.759" endtime="20231222 09:15:54.759"/>
</kw>
<kw name="Click Button" library="SeleniumLibrary">
<arg>//*[@id="app"]/div[1]/div[2]/div[2]/div/div[1]/div[2]/form/div[2]/button[2]</arg>
<doc>Clicks the button identified by ``locator``.</doc>
<msg timestamp="20231222 09:15:54.760" level="INFO">Clicking button '//*[@id="app"]/div[1]/div[2]/div[2]/div/div[1]/div[2]/form/div[2]/button[2]'.</msg>
<status status="PASS" starttime="20231222 09:15:54.759" endtime="20231222 09:15:54.910"/>
</kw>
<kw name="Sleep" library="BuiltIn">
<arg>5s</arg>
<doc>Pauses the test executed for the given time.</doc>
<msg timestamp="20231222 09:15:59.912" level="INFO">Slept 5 seconds</msg>
<status status="PASS" starttime="20231222 09:15:54.911" endtime="20231222 09:15:59.912"/>
</kw>
<kw name="Click Button" library="SeleniumLibrary">
<arg>//*[@id="app"]/div[1]/div[2]/div[2]/div/div[2]/div[3]/div/div[2]/div/div/div[6]/div/button[2]</arg>
<doc>Clicks the button identified by ``locator``.</doc>
<msg timestamp="20231222 09:15:59.913" level="INFO">Clicking button '//*[@id="app"]/div[1]/div[2]/div[2]/div/div[2]/div[3]/div/div[2]/div/div/div[6]/div/button[2]'.</msg>
<status status="PASS" starttime="20231222 09:15:59.912" endtime="20231222 09:16:00.455"/>
</kw>
<kw name="Sleep" library="BuiltIn">
<arg>5s</arg>
<doc>Pauses the test executed for the given time.</doc>
<msg timestamp="20231222 09:16:05.457" level="INFO">Slept 5 seconds</msg>
<status status="PASS" starttime="20231222 09:16:00.455" endtime="20231222 09:16:05.457"/>
</kw>
<status status="PASS" starttime="20231222 09:15:53.559" endtime="20231222 09:16:05.457"/>
</kw>
<kw name="Then the visitor found the user" library="selenium_keywords_orangehrm">
<kw name="Location Should Contain" library="SeleniumLibrary">
<arg>https://opensource-demo.orangehrmlive.com/web/index.php/admin/saveSystemUser/</arg>
<doc>Verifies that the current URL contains ``expected``.</doc>
<msg timestamp="20231222 09:16:05.474" level="INFO">Current location contains 'https://opensource-demo.orangehrmlive.com/web/index.php/admin/saveSystemUser/'.</msg>
<status status="PASS" starttime="20231222 09:16:05.459" endtime="20231222 09:16:05.474"/>
</kw>
<status status="PASS" starttime="20231222 09:16:05.459" endtime="20231222 09:16:05.474"/>
</kw>
<kw name="Given the visitor found the user" library="selenium_keywords_orangehrm">
<kw name="Location Should Contain" library="SeleniumLibrary">
<arg>https://opensource-demo.orangehrmlive.com/web/index.php/admin/saveSystemUser/</arg>
<doc>Verifies that the current URL contains ``expected``.</doc>
<msg timestamp="20231222 09:16:05.486" level="INFO">Current location contains 'https://opensource-demo.orangehrmlive.com/web/index.php/admin/saveSystemUser/'.</msg>
<status status="PASS" starttime="20231222 09:16:05.476" endtime="20231222 09:16:05.486"/>
</kw>
<status status="PASS" starttime="20231222 09:16:05.475" endtime="20231222 09:16:05.487"/>
</kw>
<kw name="When the visitor make a change on the user's informations" library="selenium_keywords_orangehrm">
<kw name="Input Text" library="SeleniumLibrary">
<arg>//*[@id="app"]/div[1]/div[2]/div[2]/div/div/form/div[1]/div/div[4]/div/div[2]/input</arg>
<arg>${newusername}</arg>
<doc>Types the given ``text`` into the text field identified by ``locator``.</doc>
<msg timestamp="20231222 09:16:05.489" level="INFO">Typing text '2' into text field '//*[@id="app"]/div[1]/div[2]/div[2]/div/div/form/div[1]/div/div[4]/div/div[2]/input'.</msg>
<status status="PASS" starttime="20231222 09:16:05.488" endtime="20231222 09:16:05.649"/>
</kw>
<kw name="Sleep" library="BuiltIn">
<arg>1s</arg>
<doc>Pauses the test executed for the given time.</doc>
<msg timestamp="20231222 09:16:06.649" level="INFO">Slept 1 second</msg>
<status status="PASS" starttime="20231222 09:16:05.649" endtime="20231222 09:16:06.649"/>
</kw>
<status status="PASS" starttime="20231222 09:16:05.488" endtime="20231222 09:16:06.649"/>
</kw>
<kw name="And the visitor save the changes" library="selenium_keywords_orangehrm">
<kw name="Click Button" library="SeleniumLibrary">
<arg>//*[@id="app"]/div[1]/div[2]/div[2]/div/div/form/div[2]/button[2]</arg>
<doc>Clicks the button identified by ``locator``.</doc>
<msg timestamp="20231222 09:16:06.653" level="INFO">Clicking button '//*[@id="app"]/div[1]/div[2]/div[2]/div/div/form/div[2]/button[2]'.</msg>
<status status="PASS" starttime="20231222 09:16:06.653" endtime="20231222 09:16:06.795"/>
</kw>
<kw name="Sleep" library="BuiltIn">
<arg>5s</arg>
<doc>Pauses the test executed for the given time.</doc>
<msg timestamp="20231222 09:16:11.797" level="INFO">Slept 5 seconds</msg>
<status status="PASS" starttime="20231222 09:16:06.796" endtime="20231222 09:16:11.797"/>
</kw>
<status status="PASS" starttime="20231222 09:16:06.652" endtime="20231222 09:16:11.797"/>
</kw>
<kw name="Then the user infos has changed" library="selenium_keywords_orangehrm">
<kw name="Page Should Contain" library="SeleniumLibrary">
<arg>${username}${newusername}</arg>
<doc>Verifies that current page contains ``text``.</doc>
<msg timestamp="20231222 09:16:11.841" level="INFO">Current page contains text 'RobotFramework2'.</msg>
<status status="PASS" starttime="20231222 09:16:11.799" endtime="20231222 09:16:11.841"/>
</kw>
<status status="PASS" starttime="20231222 09:16:11.799" endtime="20231222 09:16:11.841"/>
</kw>
<kw name="Given the visitor is on the user search page" library="selenium_keywords_orangehrm">
<kw name="Click Link" library="SeleniumLibrary">
<arg>${link}</arg>
<doc>Clicks a link identified by ``locator``.</doc>
<msg timestamp="20231222 09:16:11.844" level="INFO">Clicking link '/web/index.php/admin/viewAdminModule'.</msg>
<status status="PASS" starttime="20231222 09:16:11.843" endtime="20231222 09:16:12.532"/>
</kw>
<kw name="Sleep" library="BuiltIn">
<arg>2s</arg>
<doc>Pauses the test executed for the given time.</doc>
<msg timestamp="20231222 09:16:14.533" level="INFO">Slept 2 seconds</msg>
<status status="PASS" starttime="20231222 09:16:12.532" endtime="20231222 09:16:14.533"/>
</kw>
<status status="PASS" starttime="20231222 09:16:11.843" endtime="20231222 09:16:14.533"/>
</kw>
<kw name="When the visitor looks for the user previously modified" library="selenium_keywords_orangehrm">
<kw name="Input Text" library="SeleniumLibrary">
<arg>//*[@id="app"]/div[1]/div[2]/div[2]/div/div[1]/div[2]/form/div[1]/div/div[1]/div/div[2]/input</arg>
<arg>${username}${newusername}</arg>
<doc>Types the given ``text`` into the text field identified by ``locator``.</doc>
<msg timestamp="20231222 09:16:14.537" level="INFO">Typing text 'RobotFramework2' into text field '//*[@id="app"]/div[1]/div[2]/div[2]/div/div[1]/div[2]/form/div[1]/div/div[1]/div/div[2]/input'.</msg>
<status status="PASS" starttime="20231222 09:16:14.536" endtime="20231222 09:16:14.741"/>
</kw>
<kw name="Sleep" library="BuiltIn">
<arg>1s</arg>
<doc>Pauses the test executed for the given time.</doc>
<msg timestamp="20231222 09:16:15.742" level="INFO">Slept 1 second</msg>
<status status="PASS" starttime="20231222 09:16:14.741" endtime="20231222 09:16:15.742"/>
</kw>
<kw name="Click Button" library="SeleniumLibrary">
<arg>//*[@id="app"]/div[1]/div[2]/div[2]/div/div[1]/div[2]/form/div[2]/button[2]</arg>
<doc>Clicks the button identified by ``locator``.</doc>
<msg timestamp="20231222 09:16:15.743" level="INFO">Clicking button '//*[@id="app"]/div[1]/div[2]/div[2]/div/div[1]/div[2]/form/div[2]/button[2]'.</msg>
<status status="PASS" starttime="20231222 09:16:15.742" endtime="20231222 09:16:15.891"/>
</kw>
<kw name="Sleep" library="BuiltIn">
<arg>3s</arg>
<doc>Pauses the test executed for the given time.</doc>
<msg timestamp="20231222 09:16:18.893" level="INFO">Slept 3 seconds</msg>
<status status="PASS" starttime="20231222 09:16:15.891" endtime="20231222 09:16:18.893"/>
</kw>
<status status="PASS" starttime="20231222 09:16:14.535" endtime="20231222 09:16:18.893"/>
</kw>
<kw name="Then the visitor delete the user" library="selenium_keywords_orangehrm">
<kw name="Sleep" library="BuiltIn">
<arg>3s</arg>
<doc>Pauses the test executed for the given time.</doc>
<msg timestamp="20231222 09:16:21.896" level="INFO">Slept 3 seconds</msg>
<status status="PASS" starttime="20231222 09:16:18.896" endtime="20231222 09:16:21.896"/>
</kw>
<kw name="Click Button" library="SeleniumLibrary">
<arg>//*[@id="app"]/div[1]/div[2]/div[2]/div/div[2]/div[3]/div/div[2]/div/div/div[6]/div/button[1]</arg>
<doc>Clicks the button identified by ``locator``.</doc>
<msg timestamp="20231222 09:16:21.897" level="INFO">Clicking button '//*[@id="app"]/div[1]/div[2]/div[2]/div/div[2]/div[3]/div/div[2]/div/div/div[6]/div/button[1]'.</msg>
<status status="PASS" starttime="20231222 09:16:21.896" endtime="20231222 09:16:22.056"/>
</kw>
<kw name="Sleep" library="BuiltIn">
<arg>1s</arg>
<doc>Pauses the test executed for the given time.</doc>
<msg timestamp="20231222 09:16:23.057" level="INFO">Slept 1 second</msg>
<status status="PASS" starttime="20231222 09:16:22.056" endtime="20231222 09:16:23.057"/>
</kw>
<kw name="Click Button" library="SeleniumLibrary">
<arg>//*[@id="app"]/div[3]/div/div/div/div[3]/button[2]</arg>
<doc>Clicks the button identified by ``locator``.</doc>
<msg timestamp="20231222 09:16:23.058" level="INFO">Clicking button '//*[@id="app"]/div[3]/div/div/div/div[3]/button[2]'.</msg>
<status status="PASS" starttime="20231222 09:16:23.057" endtime="20231222 09:16:23.207"/>
</kw>
<kw name="Sleep" library="BuiltIn">
<arg>3s</arg>
<doc>Pauses the test executed for the given time.</doc>
<msg timestamp="20231222 09:16:26.209" level="INFO">Slept 3 seconds</msg>
<status status="PASS" starttime="20231222 09:16:23.208" endtime="20231222 09:16:26.209"/>
</kw>
<status status="PASS" starttime="20231222 09:16:18.895" endtime="20231222 09:16:26.209"/>
</kw>
<kw name="Given the visitor is ready to disconnect" library="selenium_keywords_orangehrm">
<kw name="Sleep" library="BuiltIn">
<arg>3s</arg>
<doc>Pauses the test executed for the given time.</doc>
<msg timestamp="20231222 09:16:29.213" level="INFO">Slept 3 seconds</msg>
<status status="PASS" starttime="20231222 09:16:26.212" endtime="20231222 09:16:29.213"/>
</kw>
<status status="PASS" starttime="20231222 09:16:26.211" endtime="20231222 09:16:29.213"/>
</kw>
<kw name="Then the visitor logs out" library="selenium_keywords_orangehrm">
<kw name="Click Element" library="SeleniumLibrary">
<arg>//*[@id="app"]/div[1]/div[1]/header/div[1]/div[2]/ul/li/span</arg>
<doc>Click the element identified by ``locator``.</doc>
<msg timestamp="20231222 09:16:29.217" level="INFO">Clicking element '//*[@id="app"]/div[1]/div[1]/header/div[1]/div[2]/ul/li/span'.</msg>
<status status="PASS" starttime="20231222 09:16:29.216" endtime="20231222 09:16:29.326"/>
</kw>
<kw name="Sleep" library="BuiltIn">
<arg>1s</arg>
<doc>Pauses the test executed for the given time.</doc>
<msg timestamp="20231222 09:16:30.327" level="INFO">Slept 1 second</msg>
<status status="PASS" starttime="20231222 09:16:29.326" endtime="20231222 09:16:30.327"/>
</kw>
<kw name="Click Link" library="SeleniumLibrary">
<arg>${logout}</arg>
<doc>Clicks a link identified by ``locator``.</doc>
<msg timestamp="20231222 09:16:30.328" level="INFO">Clicking link '/web/index.php/auth/logout'.</msg>
<status status="PASS" starttime="20231222 09:16:30.327" endtime="20231222 09:16:30.996"/>
</kw>
<kw name="Sleep" library="BuiltIn">
<arg>5s</arg>
<doc>Pauses the test executed for the given time.</doc>
<msg timestamp="20231222 09:16:35.997" level="INFO">Slept 5 seconds</msg>
<status status="PASS" starttime="20231222 09:16:30.996" endtime="20231222 09:16:35.997"/>
</kw>
<status status="PASS" starttime="20231222 09:16:29.215" endtime="20231222 09:16:35.997"/>
</kw>
<kw name="Then the visitor is on the authentication page" library="selenium_keywords_orangehrm">
<kw name="Location Should Be" library="SeleniumLibrary">
<arg>${url}</arg>
<doc>Verifies that the current URL is exactly ``url``.</doc>
<msg timestamp="20231222 09:16:36.015" level="INFO">Current location is 'https://opensource-demo.orangehrmlive.com/web/index.php/auth/login'.</msg>
<status status="PASS" starttime="20231222 09:16:35.999" endtime="20231222 09:16:36.015"/>
</kw>
<status status="PASS" starttime="20231222 09:16:35.999" endtime="20231222 09:16:36.016"/>
</kw>
<tag>User_management</tag>
<status status="PASS" starttime="20231222 09:15:05.922" endtime="20231222 09:16:36.018"/>
</test>
<status status="PASS" starttime="20231222 09:15:04.705" endtime="20231222 09:16:36.065"/>
</suite>
<status status="PASS" starttime="20231222 09:15:04.680" endtime="20231222 09:16:36.098"/>
</suite>
<statistics>
<total>
<stat pass="1" fail="0" skip="0">All Tests</stat>
</total>
<tag>
<stat pass="1" fail="0" skip="0">User_management</stat>
</tag>
<suite>
<stat pass="1" fail="0" skip="0" id="s1" name="Examples">Examples</stat>
<stat pass="1" fail="0" skip="0" id="s1-s1" name="User management">Examples.User management</stat>
</suite>
</statistics>
<errors>
</errors>
</robot>
